0 info it worked if it ends with ok
1 verbose cli [ 'C:\\Program Files\\nodejs\\node.exe',
1 verbose cli   'C:\\Program Files\\nodejs\\node_modules\\npm\\bin\\npm-cli.js',
1 verbose cli   'install',
1 verbose cli   '--save-dev',
1 verbose cli   'redux-tools' ]
2 info using npm@2.9.1
3 info using node@v4.2.2
4 verbose install initial load of E:\Git\nerona.github.io\package.json
5 warn package.json nerona.github.io@1.0.0 No description
6 verbose installManyTop reading scoped package data from E:\Git\nerona.github.io\node_modules\assert-plus\package.json
7 verbose installManyTop reading scoped package data from E:\Git\nerona.github.io\node_modules\autoprefixer-loader\package.json
8 verbose installManyTop reading scoped package data from E:\Git\nerona.github.io\node_modules\babel-core\package.json
9 verbose installManyTop reading scoped package data from E:\Git\nerona.github.io\node_modules\babel-preset-es2015\package.json
10 verbose installManyTop reading scoped package data from E:\Git\nerona.github.io\node_modules\css-loader\package.json
11 verbose installManyTop reading scoped package data from E:\Git\nerona.github.io\node_modules\file-loader\package.json
12 verbose installManyTop reading scoped package data from E:\Git\nerona.github.io\node_modules\history\package.json
13 verbose installManyTop reading scoped package data from E:\Git\nerona.github.io\node_modules\html-webpack-plugin\package.json
14 verbose installManyTop reading scoped package data from E:\Git\nerona.github.io\node_modules\jquery\package.json
15 verbose installManyTop reading scoped package data from E:\Git\nerona.github.io\node_modules\jsprim\package.json
16 verbose installManyTop reading scoped package data from E:\Git\nerona.github.io\node_modules\jsx-loader\package.json
17 verbose installManyTop reading scoped package data from E:\Git\nerona.github.io\node_modules\less\package.json
18 verbose installManyTop reading scoped package data from E:\Git\nerona.github.io\node_modules\less-loader\package.json
19 verbose installManyTop reading scoped package data from E:\Git\nerona.github.io\node_modules\path\package.json
20 verbose installManyTop reading scoped package data from E:\Git\nerona.github.io\node_modules\postcss\package.json
21 verbose installManyTop reading scoped package data from E:\Git\nerona.github.io\node_modules\postcss-loader\package.json
22 verbose installManyTop reading scoped package data from E:\Git\nerona.github.io\node_modules\rctui\package.json
23 verbose installManyTop reading scoped package data from E:\Git\nerona.github.io\node_modules\react\package.json
24 verbose installManyTop reading scoped package data from E:\Git\nerona.github.io\node_modules\react-bootstrap\package.json
25 verbose installManyTop reading scoped package data from E:\Git\nerona.github.io\node_modules\react-dom\package.json
26 verbose installManyTop reading scoped package data from E:\Git\nerona.github.io\node_modules\react-hot-loader\package.json
27 verbose installManyTop reading scoped package data from E:\Git\nerona.github.io\node_modules\react-redux\package.json
28 verbose installManyTop reading scoped package data from E:\Git\nerona.github.io\node_modules\redux\package.json
29 verbose installManyTop reading scoped package data from E:\Git\nerona.github.io\node_modules\reflux\package.json
30 verbose installManyTop reading scoped package data from E:\Git\nerona.github.io\node_modules\sshpk\package.json
31 verbose installManyTop reading scoped package data from E:\Git\nerona.github.io\node_modules\style-loader\package.json
32 verbose installManyTop reading scoped package data from E:\Git\nerona.github.io\node_modules\url-loader\package.json
33 verbose installManyTop reading scoped package data from E:\Git\nerona.github.io\node_modules\webpack\package.json
34 verbose installManyTop reading scoped package data from E:\Git\nerona.github.io\node_modules\webpack-dev-server\package.json
35 verbose installManyTop reading scoped package data from E:\Git\nerona.github.io\node_modules\webpack-html-plugin\package.json
36 warn package.json path@0.12.7 path is also the name of a node core module.
37 verbose readDependencies loading dependencies from E:\Git\nerona.github.io\package.json
38 silly cache add args [ 'redux-tools', null ]
39 verbose cache add spec redux-tools
40 silly cache add parsed spec Result {
40 silly cache add   raw: 'redux-tools',
40 silly cache add   scope: null,
40 silly cache add   name: 'redux-tools',
40 silly cache add   rawSpec: '',
40 silly cache add   spec: '*',
40 silly cache add   type: 'range' }
41 silly addNamed redux-tools@*
42 verbose addNamed "*" is a valid semver range for redux-tools
43 silly addNameRange { name: 'redux-tools', range: '*', hasData: false }
44 silly mapToRegistry name redux-tools
45 silly mapToRegistry using default registry
46 silly mapToRegistry registry https://registry.npm.taobao.org/
47 silly mapToRegistry uri https://registry.npm.taobao.org/redux-tools
48 verbose addNameRange registry:https://registry.npm.taobao.org/redux-tools not in flight; fetching
49 verbose request uri https://registry.npm.taobao.org/redux-tools
50 verbose request no auth needed
51 info attempt registry request try #1 at 15:28:34
52 verbose request id a7cbc426d55e55f8
53 http request GET https://registry.npm.taobao.org/redux-tools
54 http 404 https://registry.npm.taobao.org/redux-tools
55 verbose headers { 'content-type': 'application/json',
55 verbose headers   'cache-control': 'max-age=0',
55 verbose headers   'content-length': '2',
55 verbose headers   'accept-ranges': 'bytes',
55 verbose headers   date: 'Mon, 25 Jan 2016 07:28:37 GMT',
55 verbose headers   via: '1.1 varnish',
55 verbose headers   age: '0',
55 verbose headers   connection: 'close',
55 verbose headers   'x-served-by': 'cache-ams4122-AMS',
55 verbose headers   'x-cache': 'MISS',
55 verbose headers   'x-cache-hits': '0',
55 verbose headers   'x-timer': 'S1453706917.228076,VS0,VE169' }
56 silly get cb [ 404,
56 silly get   { 'content-type': 'application/json',
56 silly get     'cache-control': 'max-age=0',
56 silly get     'content-length': '2',
56 silly get     'accept-ranges': 'bytes',
56 silly get     date: 'Mon, 25 Jan 2016 07:28:37 GMT',
56 silly get     via: '1.1 varnish',
56 silly get     age: '0',
56 silly get     connection: 'close',
56 silly get     'x-served-by': 'cache-ams4122-AMS',
56 silly get     'x-cache': 'MISS',
56 silly get     'x-cache-hits': '0',
56 silly get     'x-timer': 'S1453706917.228076,VS0,VE169' } ]
57 verbose stack Error: Registry returned 404 for GET on https://registry.npm.taobao.org/redux-tools
57 verbose stack     at CachingRegistryClient.<anonymous> (C:\Users\Administrator\AppData\Roaming\nvm\v4.2.2\node_modules\npm\node_modules\npm-registry-client\lib\request.js:239:14)
57 verbose stack     at Request._callback (C:\Users\Administrator\AppData\Roaming\nvm\v4.2.2\node_modules\npm\node_modules\npm-registry-client\lib\request.js:170:14)
57 verbose stack     at Request.self.callback (C:\Users\Administrator\AppData\Roaming\nvm\v4.2.2\node_modules\npm\node_modules\request\request.js:368:22)
57 verbose stack     at emitTwo (events.js:87:13)
57 verbose stack     at Request.emit (events.js:172:7)
57 verbose stack     at Request.<anonymous> (C:\Users\Administrator\AppData\Roaming\nvm\v4.2.2\node_modules\npm\node_modules\request\request.js:1219:14)
57 verbose stack     at emitOne (events.js:82:20)
57 verbose stack     at Request.emit (events.js:169:7)
57 verbose stack     at IncomingMessage.<anonymous> (C:\Users\Administrator\AppData\Roaming\nvm\v4.2.2\node_modules\npm\node_modules\request\request.js:1167:12)
57 verbose stack     at emitNone (events.js:72:20)
58 verbose statusCode 404
59 verbose pkgid redux-tools
60 verbose cwd E:\Git\nerona.github.io
61 error Windows_NT 6.1.7601
62 error argv "C:\\Program Files\\nodejs\\node.exe" "C:\\Program Files\\nodejs\\node_modules\\npm\\bin\\npm-cli.js" "install" "--save-dev" "redux-tools"
63 error node v4.2.2
64 error npm  v2.9.1
65 error code E404
66 error 404 Registry returned 404 for GET on https://registry.npm.taobao.org/redux-tools
66 error 404
66 error 404 'redux-tools' is not in the npm registry.
66 error 404 You should bug the author to publish it (or use the name yourself!)
66 error 404 It was specified as a dependency of 'nerona.github.io'
66 error 404
66 error 404 Note that you can also install from a
66 error 404 tarball, folder, http url, or git url.
67 verbose exit [ 1, true ]
